<?xml version="1.0" encoding="UTF-8"?>
<!-- Generated by org.testng.reporters.JUnitReportReporter -->
<testsuite skipped="0" hostname="HDC3-L-54238T9" name="com.vinnu.automation.Teststart" tests="7" failures="0" timestamp="28 May 2019 13:10:05 GMT" time="72.953" errors="0">
  <testcase name="loginUrl" time="42.206" classname="com.vinnu.automation.Teststart"/>
  <testcase name="radioSelection" time="14.954" classname="com.vinnu.automation.Teststart"/>
  <testcase name="checkSelection" time="7.868" classname="com.vinnu.automation.Teststart"/>
  <testcase name="uploadfile" time="0.463" classname="com.vinnu.automation.Teststart"/>
  <testcase name="dropdownSelection" time="5.726" classname="com.vinnu.automation.Teststart"/>
  <testcase name="listSelection" time="1.605" classname="com.vinnu.automation.Teststart"/>
  <testcase name="submit" time="0.131" classname="com.vinnu.automation.Teststart"/>
</testsuite> <!-- com.vinnu.automation.Teststart -->
