<?xml version="1.0" encoding="UTF-8"?>
<!-- Generated by org.testng.reporters.JUnitReportReporter -->
<testsuite skipped="0" hostname="HDC3-L-54238T9" name="com.vinnu.automation.AutoExcelRead" tests="1" failures="0" timestamp="27 May 2019 17:55:55 GMT" time="0.077" errors="0">
  <testcase name="ExcelRead" time="0.077" classname="com.vinnu.automation.AutoExcelRead"/>
</testsuite> <!-- com.vinnu.automation.AutoExcelRead -->
