<?xml version="1.0" encoding="UTF-8"?>
<!-- Generated by org.testng.reporters.JUnitReportReporter -->
<testsuite skipped="0" hostname="HDC3-L-54238T9" name="com.vinnu.automation.Screenshot" tests="1" failures="0" timestamp="28 May 2019 13:23:19 GMT" time="110.919" errors="0">
  <testcase name="takeScreenshot" time="110.919" classname="com.vinnu.automation.Screenshot"/>
</testsuite> <!-- com.vinnu.automation.Screenshot -->
