<?xml version="1.0" encoding="UTF-8"?>
<!-- Generated by org.testng.reporters.JUnitReportReporter -->
<testsuite skipped="0" hostname="HDC3-L-54238T9" name="com.vinnu.automation.ExcelRead" tests="1" failures="0" timestamp="25 May 2019 10:31:58 GMT" time="0.657" errors="0">
  <testcase name="readExcel" time="0.657" classname="com.vinnu.automation.ExcelRead"/>
</testsuite> <!-- com.vinnu.automation.ExcelRead -->
